<?xml version="1.0" encoding="UTF-8"?>
<testsuite xmlns:xsi="http://www.w3.org/2001/XMLSchema-instance" xsi:noNamespaceSchemaLocation="https://maven.apache.org/surefire/maven-surefire-plugin/xsd/surefire-test-report-3.0.xsd" version="3.0" name="unittest.KnapsackSolverTest" time="0.014" tests="11" errors="0" skipped="0" failures="0">
  <properties>
    <property name="java.specification.version" value="17"/>
    <property name="sun.jnu.encoding" value="UTF-8"/>
    <property name="java.class.path" value="/Users/tugce_hilal/IdeaProjects/knapsack/target/test-classes:/Users/tugce_hilal/IdeaProjects/knapsack/target/classes:/Users/tugce_hilal/.m2/repository/org/junit/jupiter/junit-jupiter-api/5.10.0-M1/junit-jupiter-api-5.10.0-M1.jar:/Users/tugce_hilal/.m2/repository/org/opentest4j/opentest4j/1.2.0/opentest4j-1.2.0.jar:/Users/tugce_hilal/.m2/repository/org/junit/platform/junit-platform-commons/1.10.0-M1/junit-platform-commons-1.10.0-M1.jar:/Users/tugce_hilal/.m2/repository/org/apiguardian/apiguardian-api/1.1.2/apiguardian-api-1.1.2.jar:"/>
    <property name="java.vm.vendor" value="Oracle Corporation"/>
    <property name="sun.arch.data.model" value="64"/>
    <property name="java.vendor.url" value="https://java.oracle.com/"/>
    <property name="output.file.path" value="src/test/resources/example_output"/>
    <property name="os.name" value="Mac OS X"/>
    <property name="java.vm.specification.version" value="17"/>
    <property name="sun.java.launcher" value="SUN_STANDARD"/>
    <property name="user.country" value="TR"/>
    <property name="sun.boot.library.path" value="/Users/tugce_hilal/.sdkman/candidates/java/17.0.5-oracle/lib"/>
    <property name="sun.java.command" value="/Users/tugce_hilal/IdeaProjects/knapsack/target/surefire/surefirebooter-20231009155234945_3.jar /Users/tugce_hilal/IdeaProjects/knapsack/target/surefire 2023-10-09T15-52-34_858-jvmRun1 surefire-20231009155234945_1tmp surefire_0-20231009155234945_2tmp"/>
    <property name="http.nonProxyHosts" value="local|*.local|169.254/16|*.169.254/16"/>
    <property name="jdk.debug" value="release"/>
    <property name="surefire.test.class.path" value="/Users/tugce_hilal/IdeaProjects/knapsack/target/test-classes:/Users/tugce_hilal/IdeaProjects/knapsack/target/classes:/Users/tugce_hilal/.m2/repository/org/junit/jupiter/junit-jupiter-api/5.10.0-M1/junit-jupiter-api-5.10.0-M1.jar:/Users/tugce_hilal/.m2/repository/org/opentest4j/opentest4j/1.2.0/opentest4j-1.2.0.jar:/Users/tugce_hilal/.m2/repository/org/junit/platform/junit-platform-commons/1.10.0-M1/junit-platform-commons-1.10.0-M1.jar:/Users/tugce_hilal/.m2/repository/org/apiguardian/apiguardian-api/1.1.2/apiguardian-api-1.1.2.jar:"/>
    <property name="sun.cpu.endian" value="little"/>
    <property name="user.home" value="/Users/tugce_hilal"/>
    <property name="user.language" value="en"/>
    <property name="java.specification.vendor" value="Oracle Corporation"/>
    <property name="java.version.date" value="2022-10-18"/>
    <property name="java.home" value="/Users/tugce_hilal/.sdkman/candidates/java/17.0.5-oracle"/>
    <property name="file.separator" value="/"/>
    <property name="basedir" value="/Users/tugce_hilal/IdeaProjects/knapsack"/>
    <property name="java.vm.compressedOopsMode" value="Zero based"/>
    <property name="line.separator" value="&#10;"/>
    <property name="java.vm.specification.vendor" value="Oracle Corporation"/>
    <property name="java.specification.name" value="Java Platform API Specification"/>
    <property name="surefire.real.class.path" value="/Users/tugce_hilal/IdeaProjects/knapsack/target/surefire/surefirebooter-20231009155234945_3.jar"/>
    <property name="sun.management.compiler" value="HotSpot 64-Bit Tiered Compilers"/>
    <property name="ftp.nonProxyHosts" value="local|*.local|169.254/16|*.169.254/16"/>
    <property name="java.runtime.version" value="17.0.5+9-LTS-191"/>
    <property name="user.name" value="tugce_hilal"/>
    <property name="input.file.path" value="src/test/resources/example_input"/>
    <property name="path.separator" value=":"/>
    <property name="os.version" value="13.3.1"/>
    <property name="java.runtime.name" value="Java(TM) SE Runtime Environment"/>
    <property name="file.encoding" value="UTF-8"/>
    <property name="java.vm.name" value="Java HotSpot(TM) 64-Bit Server VM"/>
    <property name="localRepository" value="/Users/tugce_hilal/.m2/repository"/>
    <property name="java.vendor.url.bug" value="https://bugreport.java.com/bugreport/"/>
    <property name="java.io.tmpdir" value="/var/folders/mt/mf189j597wscffrqqg40m1_00000gn/T/"/>
    <property name="java.version" value="17.0.5"/>
    <property name="user.dir" value="/Users/tugce_hilal/IdeaProjects/knapsack"/>
    <property name="os.arch" value="aarch64"/>
    <property name="java.vm.specification.name" value="Java Virtual Machine Specification"/>
    <property name="config.properties" value="src/main/resources/config.properties"/>
    <property name="native.encoding" value="UTF-8"/>
    <property name="java.library.path" value="/Users/tugce_hilal/Library/Java/Extensions:/Library/Java/Extensions:/Network/Library/Java/Extensions:/System/Library/Java/Extensions:/usr/lib/java:."/>
    <property name="java.vm.info" value="mixed mode, sharing"/>
    <property name="java.vendor" value="Oracle Corporation"/>
    <property name="java.vm.version" value="17.0.5+9-LTS-191"/>
    <property name="sun.io.unicode.encoding" value="UnicodeBig"/>
    <property name="socksNonProxyHosts" value="local|*.local|169.254/16|*.169.254/16"/>
    <property name="java.class.version" value="61.0"/>
  </properties>
  <testcase name="shouldReturnDashWhenSingleItemIsHeavierThanMaxWeight" classname="unittest.KnapsackSolverTest" time="0"/>
  <testcase name="shouldThrowMaxItemCostExceptionWhenMaxItemCostConstraintViolated" classname="unittest.KnapsackSolverTest" time="0.002"/>
  <testcase name="shouldReadConfigPropertiesCorrectly" classname="unittest.KnapsackSolverTest" time="0"/>
  <testcase name="shouldThrowMaxItemCountExceptionWhenMaxItemCountConstraintViolated" classname="unittest.KnapsackSolverTest" time="0.001"/>
  <testcase name="shouldThrowMaxItemWeightExceptionWhenMaxItemWeightConstraintViolated" classname="unittest.KnapsackSolverTest" time="0.001"/>
  <testcase name="shouldThrowMaxTotalWeightExceptionWhenMaxWeightConstraintViolated" classname="unittest.KnapsackSolverTest" time="0"/>
  <testcase name="shouldThrowExceptionWhenMinWeightItemIsHeavierThanTotalWeight" classname="unittest.KnapsackSolverTest" time="0"/>
  <testcase name="shouldReturnDashWhenThereIsOnlyOneItem" classname="unittest.KnapsackSolverTest" time="0.001"/>
  <testcase name="shouldSolveKnapsackProblemCorrectlyForGivenItems" classname="unittest.KnapsackSolverTest" time="0.002"/>
  <testcase name="shouldPreferLighterPackageWhenMultiplePackagesHaveSamePrice" classname="unittest.KnapsackSolverTest" time="0"/>
  <testcase name="shouldSolveKnapsackProblemCorrectlyForGivenItemsWhenMaximumWeightReached" classname="unittest.KnapsackSolverTest" time="0.002"/>
</testsuite>